<?xml version="1.0" encoding="UTF-8" ?>
<testsuite tests="3" failures="3" name="com.testcases.TestCases" time="0.001" errors="0" skipped="0">
  <properties>
    <property name="java.runtime.name" value="Java(TM) SE Runtime Environment"/>
    <property name="sun.boot.library.path" value="C:\Program Files\Java\jdk1.8.0_161\jre\bin"/>
    <property name="java.vm.version" value="25.161-b12"/>
    <property name="java.vm.vendor" value="Oracle Corporation"/>
    <property name="maven.multiModuleProjectDirectory" value="E:\Java\ST Technology\Just Logical Coding\Epf"/>
    <property name="java.vendor.url" value="http://java.oracle.com/"/>
    <property name="path.separator" value=";"/>
    <property name="guice.disable.misplaced.annotation.check" value="true"/>
    <property name="java.vm.name" value="Java HotSpot(TM) 64-Bit Server VM"/>
    <property name="file.encoding.pkg" value="sun.io"/>
    <property name="user.script" value=""/>
    <property name="user.country" value="US"/>
    <property name="sun.java.launcher" value="SUN_STANDARD"/>
    <property name="sun.os.patch.level" value=""/>
    <property name="java.vm.specification.name" value="Java Virtual Machine Specification"/>
    <property name="user.dir" value="E:\Java\ST Technology\Just Logical Coding\Epf"/>
    <property name="java.runtime.version" value="1.8.0_161-b12"/>
    <property name="java.awt.graphicsenv" value="sun.awt.Win32GraphicsEnvironment"/>
    <property name="java.endorsed.dirs" value="C:\Program Files\Java\jdk1.8.0_161\jre\lib\endorsed"/>
    <property name="os.arch" value="amd64"/>
    <property name="java.io.tmpdir" value="C:\Users\MRS~1\AppData\Local\Temp\"/>
    <property name="line.separator" value="
"/>
    <property name="java.vm.specification.vendor" value="Oracle Corporation"/>
    <property name="user.variant" value=""/>
    <property name="os.name" value="Windows 8.1"/>
    <property name="classworlds.conf" value="E:\Java\ST Technology\Just Logical Coding\.metadata\.plugins\org.eclipse.m2e.launching\launches\m2conf6863284635422660430.tmp"/>
    <property name="sun.jnu.encoding" value="Cp1252"/>
    <property name="java.library.path" value="C:\Program Files\Java\jdk1.8.0_161\bin;C:\Windows\Sun\Java\bin;C:\Windows\system32;C:\Windows;C:/Program Files/Java/jre1.8.0_161/bin/server;C:/Program Files/Java/jre1.8.0_161/bin;C:/Program Files/Java/jre1.8.0_161/lib/amd64;C:\ProgramData\Oracle\Java\javapath;C:\Program Files\Microsoft MPI\Bin\;C:\oraclexe\app\oracle\product\11.2.0\server\bin;C:\Windows\system32;C:\Windows;C:\Windows\System32\Wbem;C:\Windows\System32\WindowsPowerShell\v1.0\;C:\Program Files (x86)\Skype\Phone\;C:\Program Files\MySQL\MySQL Utilities 1.6\;C:\Android;C:\Windows\System32;C:\Program Files\MongoDB\Server\3.0\bin;C:\Program Files\Git\cmd;C:\Program Files\Microsoft SQL Server\130\Tools\Binn\;C:\Program Files\nodejs;C:\Program Files\nodejs\;C:\Program Files (x86)\Yarn\bin\;C:\PostgreSQL\pg10\bin;C:\Program Files\Java\jdk1.8.0_161\bin;C:\apache-maven-3.5.2\bin;C:\Users\Mr S\AppData\Local\Programs\Fiddler;C:\Program Files\Microsoft VS Code\bin;C:\Program Files\nodejs;C:\Users\Mr S\AppData\Roaming\npm;E:\My PracTBoss\Udemy\Angular 5\angular5\first-app\node_modules\@angular\cli\bin;C:\Users\Mr S\AppData\Local\Yarn\bin;C:\gradle-4.6\bin;E:\IDE Items\eclipse-jee-oxygen-1-win32-x86_64\eclipse;;."/>
    <property name="java.specification.name" value="Java Platform API Specification"/>
    <property name="java.class.version" value="52.0"/>
    <property name="sun.management.compiler" value="HotSpot 64-Bit Tiered Compilers"/>
    <property name="os.version" value="6.3"/>
    <property name="user.home" value="C:\Users\Mr S"/>
    <property name="user.timezone" value="Asia/Calcutta"/>
    <property name="java.awt.printerjob" value="sun.awt.windows.WPrinterJob"/>
    <property name="java.specification.version" value="1.8"/>
    <property name="file.encoding" value="Cp1252"/>
    <property name="user.name" value="Mr S"/>
    <property name="java.class.path" value="E:\IDE Items\eclipse-jee-oxygen-1-win32-x86_64\eclipse\plugins\org.eclipse.m2e.maven.runtime_1.8.2.20171007-0216\jars\plexus-classworlds-2.5.2.jar"/>
    <property name="java.vm.specification.version" value="1.8"/>
    <property name="sun.arch.data.model" value="64"/>
    <property name="java.home" value="C:\Program Files\Java\jdk1.8.0_161\jre"/>
    <property name="sun.java.command" value="org.codehaus.plexus.classworlds.launcher.Launcher -B install"/>
    <property name="java.specification.vendor" value="Oracle Corporation"/>
    <property name="user.language" value="en"/>
    <property name="awt.toolkit" value="sun.awt.windows.WToolkit"/>
    <property name="java.vm.info" value="mixed mode"/>
    <property name="java.version" value="1.8.0_161"/>
    <property name="java.ext.dirs" value="C:\Program Files\Java\jdk1.8.0_161\jre\lib\ext;C:\Windows\Sun\Java\lib\ext"/>
    <property name="sun.boot.class.path" value="C:\Program Files\Java\jdk1.8.0_161\jre\lib\resources.jar;C:\Program Files\Java\jdk1.8.0_161\jre\lib\rt.jar;C:\Program Files\Java\jdk1.8.0_161\jre\lib\sunrsasign.jar;C:\Program Files\Java\jdk1.8.0_161\jre\lib\jsse.jar;C:\Program Files\Java\jdk1.8.0_161\jre\lib\jce.jar;C:\Program Files\Java\jdk1.8.0_161\jre\lib\charsets.jar;C:\Program Files\Java\jdk1.8.0_161\jre\lib\jfr.jar;C:\Program Files\Java\jdk1.8.0_161\jre\classes"/>
    <property name="java.vendor" value="Oracle Corporation"/>
    <property name="maven.home" value="E:\Java\ST Technology\Just Logical Coding\Epf\EMBEDDED"/>
    <property name="file.separator" value="\"/>
    <property name="java.vendor.url.bug" value="http://bugreport.sun.com/bugreport/"/>
    <property name="sun.cpu.endian" value="little"/>
    <property name="sun.io.unicode.encoding" value="UnicodeLittle"/>
    <property name="sun.desktop" value="windows"/>
    <property name="sun.cpu.isalist" value="amd64"/>
  </properties>
  <testcase classname="com.testcases.TestCases" name="com.testcases.TestCases.testAspectRatioDtoToEntity" time="0.001">
    <failure type="java.lang.ExceptionInInitializerError">java.lang.ExceptionInInitializerError
	at com.testcases.TestCases.testAspectRatioDtoToEntity(TestCases.java:23)
Caused by: java.lang.RuntimeException: java.lang.ClassNotFoundException: Cannot find implementation for com.mtvi.endpointprofile.service.mapper.AspectRatioMapper
	at org.mapstruct.factory.Mappers.getMapper(Mappers.java:79)
	at com.mtvi.endpointprofile.service.mapper.AspectRatioMapper.&lt;clinit&gt;(AspectRatioMapper.java:13)
	... 19 more
Caused by: java.lang.ClassNotFoundException: Cannot find implementation for com.mtvi.endpointprofile.service.mapper.AspectRatioMapper
	at org.mapstruct.factory.Mappers.getMapper(Mappers.java:93)
	at org.mapstruct.factory.Mappers.getMapper(Mappers.java:76)
	... 20 more
</failure>
  </testcase>
  <testcase classname="com.testcases.TestCases" name="com.testcases.TestCases.testAspectRatioEntityToDto" time="0">
    <failure message="Could not initialize class com.mtvi.endpointprofile.service.mapper.AspectRatioMapper" type="java.lang.NoClassDefFoundError">java.lang.NoClassDefFoundError: Could not initialize class com.mtvi.endpointprofile.service.mapper.AspectRatioMapper
	at com.testcases.TestCases.testAspectRatioEntityToDto(TestCases.java:37)
</failure>
  </testcase>
  <testcase classname="com.testcases.TestCases" name="com.testcases.TestCases.testCaptionRequirementsDtotoEntity" time="0">
    <failure type="java.lang.ExceptionInInitializerError">java.lang.ExceptionInInitializerError
	at com.testcases.TestCases.testCaptionRequirementsDtotoEntity(TestCases.java:50)
Caused by: java.lang.RuntimeException: java.lang.ClassNotFoundException: Cannot find implementation for com.mtvi.endpointprofile.service.mapper.CaptionRequirementsMapper
	at org.mapstruct.factory.Mappers.getMapper(Mappers.java:79)
	at com.mtvi.endpointprofile.service.mapper.CaptionRequirementsMapper.&lt;clinit&gt;(CaptionRequirementsMapper.java:13)
	... 19 more
Caused by: java.lang.ClassNotFoundException: Cannot find implementation for com.mtvi.endpointprofile.service.mapper.CaptionRequirementsMapper
	at org.mapstruct.factory.Mappers.getMapper(Mappers.java:93)
	at org.mapstruct.factory.Mappers.getMapper(Mappers.java:76)
	... 20 more
</failure>
  </testcase>
</testsuite>